Using pre-set license
Built from '2022.3/staging' branch; Version is '2022.3.4f1 (35713cd46cd7) revision 3502396'; Using compiler version '192829333'; Build Type 'Release'
OS: 'Windows 11  (10.0.22621) 64bit CoreSingleLanguage' Language: 'en' Physical Memory: 15775 MB
BatchMode: 1, IsHumanControllingUs: 0, StartBugReporterOnCrash: 0, Is64bit: 1, IsPro: 1

COMMAND LINE ARGUMENTS:
C:\Program Files\Unity\Hub\Editor\2022.3.4f1\Editor\Unity.exe
-adb2
-batchMode
-noUpm
-name
AssetImportWorker2
-projectPath
C:/Users/anuku/Documents/GitHub/Tetris-Online/tetris-online
-logFile
Logs/AssetImportWorker2.log
-srvPort
51830
Successfully changed project path to: C:/Users/anuku/Documents/GitHub/Tetris-Online/tetris-online
C:/Users/anuku/Documents/GitHub/Tetris-Online/tetris-online
[UnityMemory] Configuration Parameters - Can be set up in boot.config
    "memorysetup-bucket-allocator-granularity=16"
    "memorysetup-bucket-allocator-bucket-count=8"
    "memorysetup-bucket-allocator-block-size=33554432"
    "memorysetup-bucket-allocator-block-count=8"
    "memorysetup-main-allocator-block-size=16777216"
    "memorysetup-thread-allocator-block-size=16777216"
    "memorysetup-gfx-main-allocator-block-size=16777216"
    "memorysetup-gfx-thread-allocator-block-size=16777216"
    "memorysetup-cache-allocator-block-size=4194304"
    "memorysetup-typetree-allocator-block-size=2097152"
    "memorysetup-profiler-bucket-allocator-granularity=16"
    "memorysetup-profiler-bucket-allocator-bucket-count=8"
    "memorysetup-profiler-bucket-allocator-block-size=33554432"
    "memorysetup-profiler-bucket-allocator-block-count=8"
    "memorysetup-profiler-allocator-block-size=16777216"
    "memorysetup-profiler-editor-allocator-block-size=1048576"
    "memorysetup-temp-allocator-size-main=16777216"
    "memorysetup-job-temp-allocator-block-size=2097152"
    "memorysetup-job-temp-allocator-block-size-background=1048576"
    "memorysetup-job-temp-allocator-reduction-small-platforms=262144"
    "memorysetup-allocator-temp-initial-block-size-main=262144"
    "memorysetup-allocator-temp-initial-block-size-worker=262144"
    "memorysetup-temp-allocator-size-background-worker=32768"
    "memorysetup-temp-allocator-size-job-worker=262144"
    "memorysetup-temp-allocator-size-preload-manager=33554432"
    "memorysetup-temp-allocator-size-nav-mesh-worker=65536"
    "memorysetup-temp-allocator-size-audio-worker=65536"
    "memorysetup-temp-allocator-size-cloud-worker=32768"
    "memorysetup-temp-allocator-size-gi-baking-worker=262144"
    "memorysetup-temp-allocator-size-gfx=262144"
Player connection [20280] Host "[IP] 192.168.56.1 [Port] 0 [Flags] 2 [Guid] 2064532282 [EditorId] 2064532282 [Version] 1048832 [Id] WindowsEditor(7,Anukul) [Debug] 1 [PackageName] WindowsEditor [ProjectName] Editor" joined multi-casting on [225.0.0.222:54997]...

Player connection [20280] Host "[IP] 192.168.56.1 [Port] 0 [Flags] 2 [Guid] 2064532282 [EditorId] 2064532282 [Version] 1048832 [Id] WindowsEditor(7,Anukul) [Debug] 1 [PackageName] WindowsEditor [ProjectName] Editor" joined alternative multi-casting on [225.0.0.222:34997]...

Refreshing native plugins compatible for Editor in 9.67 ms, found 4 plugins.
Preloading 0 native plugins for Editor in 0.00 ms.
Initialize engine version: 2022.3.4f1 (35713cd46cd7)
[Subsystems] Discovering subsystems at path C:/Program Files/Unity/Hub/Editor/2022.3.4f1/Editor/Data/Resources/UnitySubsystems
[Subsystems] Discovering subsystems at path C:/Users/anuku/Documents/GitHub/Tetris-Online/tetris-online/Assets
GfxDevice: creating device client; threaded=0; jobified=0
Direct3D:
    Version:  Direct3D 11.0 [level 11.1]
    Renderer: NVIDIA GeForce RTX 3060 Laptop GPU (ID=0x2520)
    Vendor:   NVIDIA
    VRAM:     6009 MB
    Driver:   31.0.15.3699
Initialize mono
Mono path[0] = 'C:/Program Files/Unity/Hub/Editor/2022.3.4f1/Editor/Data/Managed'
Mono path[1] = 'C:/Program Files/Unity/Hub/Editor/2022.3.4f1/Editor/Data/MonoBleedingEdge/lib/mono/unityjit-win32'
Mono config path = 'C:/Program Files/Unity/Hub/Editor/2022.3.4f1/Editor/Data/MonoBleedingEdge/etc'
Using monoOptions --debugger-agent=transport=dt_socket,embedding=1,server=y,suspend=n,address=127.0.0.1:56560
Begin MonoManager ReloadAssembly
Registering precompiled unity dll's ...
Register platform support module: C:/Program Files/Unity/Hub/Editor/2022.3.4f1/Editor/Data/PlaybackEngines/WindowsStandaloneSupport/UnityEditor.WindowsStandalone.Extensions.dll
Registered in 0.005208 seconds.
- Loaded All Assemblies, in  0.353 seconds
Native extension for WindowsStandalone target not found
Mono: successfully reloaded assembly
- Finished resetting the current domain, in  0.297 seconds
Domain Reload Profiling: 649ms
	BeginReloadAssembly (77ms)
		ExecutionOrderSort (0ms)
		DisableScriptedObjects (0ms)
		BackupInstance (0ms)
		ReleaseScriptingObjects (0ms)
		CreateAndSetChildDomain (1ms)
	RebuildCommonClasses (40ms)
	RebuildNativeTypeToScriptingClass (11ms)
	initialDomainReloadingComplete (61ms)
	LoadAllAssembliesAndSetupDomain (163ms)
		LoadAssemblies (76ms)
		RebuildTransferFunctionScriptingTraits (0ms)
		AnalyzeDomain (158ms)
			TypeCache.Refresh (157ms)
				TypeCache.ScanAssembly (143ms)
			ScanForSourceGeneratedMonoScriptInfo (1ms)
			ResolveRequiredComponents (1ms)
	FinalizeReload (297ms)
		ReleaseScriptCaches (0ms)
		RebuildScriptCaches (0ms)
		SetupLoadedEditorAssemblies (231ms)
			LogAssemblyErrors (0ms)
			InitializePlatformSupportModulesInManaged (9ms)
			SetLoadedEditorAssemblies (8ms)
			RefreshPlugins (0ms)
			BeforeProcessingInitializeOnLoad (2ms)
			ProcessInitializeOnLoadAttributes (145ms)
			ProcessInitializeOnLoadMethodAttributes (66ms)
			AfterProcessingInitializeOnLoad (0ms)
			EditorAssembliesLoaded (0ms)
		ExecutionOrderSort2 (0ms)
		AwakeInstancesAfterBackupRestoration (0ms)
========================================================================
Worker process is ready to serve import requests
Begin MonoManager ReloadAssembly
Symbol file LoadedFromMemory doesn't match image C:\Users\anuku\Documents\GitHub\Tetris-Online\tetris-online\Library\PackageCache\com.unity.visualscripting@1.8.0\Editor\VisualScripting.Core\Dependencies\YamlDotNet\Unity.VisualScripting.YamlDotNet.dll
Symbol file LoadedFromMemory doesn't match image C:\Users\anuku\Documents\GitHub\Tetris-Online\tetris-online\Library\PackageCache\com.unity.visualscripting@1.8.0\Editor\VisualScripting.Core\Dependencies\DotNetZip\Unity.VisualScripting.IonicZip.dll
- Loaded All Assemblies, in  0.891 seconds
Refreshing native plugins compatible for Editor in 3.76 ms, found 4 plugins.
Native extension for WindowsStandalone target not found
Mono: successfully reloaded assembly
- Finished resetting the current domain, in  0.617 seconds
Domain Reload Profiling: 1505ms
	BeginReloadAssembly (140ms)
		ExecutionOrderSort (0ms)
		DisableScriptedObjects (5ms)
		BackupInstance (0ms)
		ReleaseScriptingObjects (0ms)
		CreateAndSetChildDomain (26ms)
	RebuildCommonClasses (29ms)
	RebuildNativeTypeToScriptingClass (9ms)
	initialDomainReloadingComplete (40ms)
	LoadAllAssembliesAndSetupDomain (670ms)
		LoadAssemblies (335ms)
		RebuildTransferFunctionScriptingTraits (0ms)
		AnalyzeDomain (400ms)
			TypeCache.Refresh (363ms)
				TypeCache.ScanAssembly (349ms)
			ScanForSourceGeneratedMonoScriptInfo (28ms)
			ResolveRequiredComponents (9ms)
	FinalizeReload (617ms)
		ReleaseScriptCaches (0ms)
		RebuildScriptCaches (0ms)
		SetupLoadedEditorAssemblies (454ms)
			LogAssemblyErrors (0ms)
			InitializePlatformSupportModulesInManaged (5ms)
			SetLoadedEditorAssemblies (6ms)
			RefreshPlugins (0ms)
			BeforeProcessingInitializeOnLoad (85ms)
			ProcessInitializeOnLoadAttributes (267ms)
			ProcessInitializeOnLoadMethodAttributes (85ms)
			AfterProcessingInitializeOnLoad (6ms)
			EditorAssembliesLoaded (0ms)
		ExecutionOrderSort2 (0ms)
		AwakeInstancesAfterBackupRestoration (7ms)
Launched and connected shader compiler UnityShaderCompiler.exe after 0.03 seconds
Refreshing native plugins compatible for Editor in 3.88 ms, found 4 plugins.
Preloading 0 native plugins for Editor in 0.00 ms.
Unloading 5636 Unused Serialized files (Serialized files now loaded: 0)
Unloading 99 unused Assets / (0.9 MB). Loaded Objects now: 6085.
Memory consumption went from 218.3 MB to 217.4 MB.
Total: 5.200400 ms (FindLiveObjects: 0.518600 ms CreateObjectMapping: 0.181000 ms MarkObjects: 3.928300 ms  DeleteObjects: 0.571100 ms)

AssetImportParameters requested are different than current active one (requested -> active):
  custom:container-demuxer-ogg: 62fdf1f143b41e24485cea50d1cbac27 -> 
  custom:video-codec-MediaFoundation-h265: 746d11721c4dcdbdad8f713fa42b33f4 -> 
  custom:video-decoder-ogg-theora: a1e56fd34408186e4bbccfd4996cb3dc -> 
  custom:framework-win-MediaFoundation: 216162199b28c13a410421893ffa2e32 -> 
  custom:CustomObjectIndexerAttribute: a3ef5dd2817f97addfee359851a9dba5 -> 
  custom:container-demuxer-webm: 4f35f7cbe854078d1ac9338744f61a02 -> 
  custom:container-muxer-webm: aa71ff27fc2769a1b78a27578f13a17b -> 
  custom:video-decoder-webm-vp8: 9c59270c3fd7afecdb556c50c9e8de78 -> 
  custom:AudioImporter_EditorPlatform: d09bf68614088b80899f8185d706f6e7 -> 
  custom:video-encoder-webm-vp8: eb34c28f22e8b96e1ab97ce403110664 -> 
  custom:audio-decoder-ogg-vorbis: bf7c407c2cedff20999df2af8eb42d56 -> 
  custom:audio-encoder-webm-vorbis: bf7c407c2cedff20999df2af8eb42d56 -> 
========================================================================
Received Import Request.
  Time since last request: 10176.867346 seconds.
  path: Assets/prefab/ShapeI.prefab
  artifactKey: Guid(f2002057d1413924f849ddccdb12cea1) Importer(815301076,1909f56bfc062723c751e8b465ee728b)
Start importing Assets/prefab/ShapeI.prefab using Guid(f2002057d1413924f849ddccdb12cea1) Importer(815301076,1909f56bfc062723c751e8b465ee728b)  -> (artifact id: '71e4d1b7ee9a98b92e4d8db92087ed6b') in 0.013192 seconds
Number of updated asset objects reloaded before import = 0
Number of asset objects unloaded after import = 16
========================================================================
Received Import Request.
  Time since last request: 0.000023 seconds.
  path: Assets/prefab/ShapeJ.prefab
  artifactKey: Guid(15beec4ce5cbd9846b9d0297404e6df4) Importer(815301076,1909f56bfc062723c751e8b465ee728b)
Start importing Assets/prefab/ShapeJ.prefab using Guid(15beec4ce5cbd9846b9d0297404e6df4) Importer(815301076,1909f56bfc062723c751e8b465ee728b)  -> (artifact id: '0d71a730daa3cc5649242f185875f7b4') in 0.001344 seconds
Number of updated asset objects reloaded before import = 0
Number of asset objects unloaded after import = 16
========================================================================
Received Import Request.
  Time since last request: 0.000013 seconds.
  path: Assets/prefab/ShapeS.prefab
  artifactKey: Guid(b72eccd26bea80f49891d7e066a8ea0b) Importer(815301076,1909f56bfc062723c751e8b465ee728b)
Start importing Assets/prefab/ShapeS.prefab using Guid(b72eccd26bea80f49891d7e066a8ea0b) Importer(815301076,1909f56bfc062723c751e8b465ee728b)  -> (artifact id: '278b4c95fba1458b33557aec2c6918dd') in 0.001528 seconds
Number of updated asset objects reloaded before import = 0
Number of asset objects unloaded after import = 16
========================================================================
Received Import Request.
  Time since last request: 0.000013 seconds.
  path: Assets/prefab/ShapeL.prefab
  artifactKey: Guid(75f5711ffe58d4a4c921c5d0099fdff2) Importer(815301076,1909f56bfc062723c751e8b465ee728b)
Start importing Assets/prefab/ShapeL.prefab using Guid(75f5711ffe58d4a4c921c5d0099fdff2) Importer(815301076,1909f56bfc062723c751e8b465ee728b)  -> (artifact id: '9d41454282488a7914d3407380e5d1a0') in 0.001490 seconds
Number of updated asset objects reloaded before import = 0
Number of asset objects unloaded after import = 16
========================================================================
Received Import Request.
  Time since last request: 0.000015 seconds.
  path: Assets/prefab/ShapeT.prefab
  artifactKey: Guid(d39649da80b04ec478cee054bdaeafc6) Importer(815301076,1909f56bfc062723c751e8b465ee728b)
Start importing Assets/prefab/ShapeT.prefab using Guid(d39649da80b04ec478cee054bdaeafc6) Importer(815301076,1909f56bfc062723c751e8b465ee728b)  -> (artifact id: 'e1d5020d1c23924cab9647ba629229f1') in 0.001475 seconds
Number of updated asset objects reloaded before import = 0
Number of asset objects unloaded after import = 16
========================================================================
Received Import Request.
  Time since last request: 541.104780 seconds.
  path: Assets/prefab/ShapeI.prefab
  artifactKey: Guid(f2002057d1413924f849ddccdb12cea1) Importer(815301076,1909f56bfc062723c751e8b465ee728b)
Start importing Assets/prefab/ShapeI.prefab using Guid(f2002057d1413924f849ddccdb12cea1) Importer(815301076,1909f56bfc062723c751e8b465ee728b)  -> (artifact id: '20dc4c1140c41c08fa21942bd61ac52d') in 0.002443 seconds
Number of updated asset objects reloaded before import = 0
Number of asset objects unloaded after import = 18
========================================================================
Received Import Request.
  Time since last request: 11.121916 seconds.
  path: Assets/prefab/ShapeJ.prefab
  artifactKey: Guid(15beec4ce5cbd9846b9d0297404e6df4) Importer(815301076,1909f56bfc062723c751e8b465ee728b)
Start importing Assets/prefab/ShapeJ.prefab using Guid(15beec4ce5cbd9846b9d0297404e6df4) Importer(815301076,1909f56bfc062723c751e8b465ee728b)  -> (artifact id: '69fd3c1b663b54e990f0219886361655') in 0.001450 seconds
Number of updated asset objects reloaded before import = 0
Number of asset objects unloaded after import = 16
========================================================================
Received Import Request.
  Time since last request: 9.359110 seconds.
  path: Assets/prefab/ShapeJ.prefab
  artifactKey: Guid(15beec4ce5cbd9846b9d0297404e6df4) Importer(815301076,1909f56bfc062723c751e8b465ee728b)
Start importing Assets/prefab/ShapeJ.prefab using Guid(15beec4ce5cbd9846b9d0297404e6df4) Importer(815301076,1909f56bfc062723c751e8b465ee728b)  -> (artifact id: '5489649d2fc2aaf8a5bf85071aeeac37') in 0.001556 seconds
Number of updated asset objects reloaded before import = 0
Number of asset objects unloaded after import = 18
========================================================================
Received Import Request.
  Time since last request: 24.205841 seconds.
  path: Assets/prefab/ShapeL.prefab
  artifactKey: Guid(75f5711ffe58d4a4c921c5d0099fdff2) Importer(815301076,1909f56bfc062723c751e8b465ee728b)
Start importing Assets/prefab/ShapeL.prefab using Guid(75f5711ffe58d4a4c921c5d0099fdff2) Importer(815301076,1909f56bfc062723c751e8b465ee728b)  -> (artifact id: '9d33b07302344bd193021d428cdf6ad3') in 0.001386 seconds
Number of updated asset objects reloaded before import = 0
Number of asset objects unloaded after import = 16
========================================================================
Received Import Request.
  Time since last request: 10.468195 seconds.
  path: Assets/prefab/ShapeL.prefab
  artifactKey: Guid(75f5711ffe58d4a4c921c5d0099fdff2) Importer(815301076,1909f56bfc062723c751e8b465ee728b)
Start importing Assets/prefab/ShapeL.prefab using Guid(75f5711ffe58d4a4c921c5d0099fdff2) Importer(815301076,1909f56bfc062723c751e8b465ee728b)  -> (artifact id: '59b61c06455e7c36f35996a662a2fb88') in 0.001468 seconds
Number of updated asset objects reloaded before import = 0
Number of asset objects unloaded after import = 18
========================================================================
Received Import Request.
  Time since last request: 36.653206 seconds.
  path: Assets/prefab/ShapeO.prefab
  artifactKey: Guid(2e7553803cc23964d99067d196d57046) Importer(815301076,1909f56bfc062723c751e8b465ee728b)
Start importing Assets/prefab/ShapeO.prefab using Guid(2e7553803cc23964d99067d196d57046) Importer(815301076,1909f56bfc062723c751e8b465ee728b)  -> (artifact id: '18c5f52ff94e527f2e15f3742d0922d1') in 0.001416 seconds
Number of updated asset objects reloaded before import = 0
Number of asset objects unloaded after import = 18
========================================================================
Received Import Request.
  Time since last request: 6.863310 seconds.
  path: Assets/prefab/ShapeS.prefab
  artifactKey: Guid(b72eccd26bea80f49891d7e066a8ea0b) Importer(815301076,1909f56bfc062723c751e8b465ee728b)
Start importing Assets/prefab/ShapeS.prefab using Guid(b72eccd26bea80f49891d7e066a8ea0b) Importer(815301076,1909f56bfc062723c751e8b465ee728b)  -> (artifact id: '68051fce310fd49a611b4b6b097f4b5f') in 0.001293 seconds
Number of updated asset objects reloaded before import = 0
Number of asset objects unloaded after import = 16
========================================================================
Received Import Request.
  Time since last request: 7.469769 seconds.
  path: Assets/prefab/ShapeS.prefab
  artifactKey: Guid(b72eccd26bea80f49891d7e066a8ea0b) Importer(815301076,1909f56bfc062723c751e8b465ee728b)
Start importing Assets/prefab/ShapeS.prefab using Guid(b72eccd26bea80f49891d7e066a8ea0b) Importer(815301076,1909f56bfc062723c751e8b465ee728b)  -> (artifact id: '0c7232056007847318d3adfcdd384aa2') in 0.001442 seconds
Number of updated asset objects reloaded before import = 0
Number of asset objects unloaded after import = 18
========================================================================
Received Import Request.
  Time since last request: 6.819280 seconds.
  path: Assets/prefab/ShapeT.prefab
  artifactKey: Guid(d39649da80b04ec478cee054bdaeafc6) Importer(815301076,1909f56bfc062723c751e8b465ee728b)
Start importing Assets/prefab/ShapeT.prefab using Guid(d39649da80b04ec478cee054bdaeafc6) Importer(815301076,1909f56bfc062723c751e8b465ee728b)  -> (artifact id: '9dcad8c91d0134c31a2c625123803890') in 0.001406 seconds
Number of updated asset objects reloaded before import = 0
Number of asset objects unloaded after import = 16
========================================================================
Received Import Request.
  Time since last request: 6.448047 seconds.
  path: Assets/prefab/ShapeT.prefab
  artifactKey: Guid(d39649da80b04ec478cee054bdaeafc6) Importer(815301076,1909f56bfc062723c751e8b465ee728b)
Start importing Assets/prefab/ShapeT.prefab using Guid(d39649da80b04ec478cee054bdaeafc6) Importer(815301076,1909f56bfc062723c751e8b465ee728b)  -> (artifact id: '7dceb0674a83715e3528a8caf22ea6a2') in 0.001340 seconds
Number of updated asset objects reloaded before import = 0
Number of asset objects unloaded after import = 18
========================================================================
Received Import Request.
  Time since last request: 5.644997 seconds.
  path: Assets/prefab/ShapeZ.prefab
  artifactKey: Guid(9a35cbeec47ad09498e63ce76c6c1ee0) Importer(815301076,1909f56bfc062723c751e8b465ee728b)
Start importing Assets/prefab/ShapeZ.prefab using Guid(9a35cbeec47ad09498e63ce76c6c1ee0) Importer(815301076,1909f56bfc062723c751e8b465ee728b)  -> (artifact id: 'ad43cf46b129369a177d50cfd94187a4') in 0.001303 seconds
Number of updated asset objects reloaded before import = 0
Number of asset objects unloaded after import = 16
========================================================================
Received Import Request.
  Time since last request: 18.356949 seconds.
  path: Assets/prefab/ShapeZ.prefab
  artifactKey: Guid(9a35cbeec47ad09498e63ce76c6c1ee0) Importer(815301076,1909f56bfc062723c751e8b465ee728b)
Start importing Assets/prefab/ShapeZ.prefab using Guid(9a35cbeec47ad09498e63ce76c6c1ee0) Importer(815301076,1909f56bfc062723c751e8b465ee728b)  -> (artifact id: '76b415b2ee18b6dbfda777fb2b8fe1d0') in 0.001347 seconds
Number of updated asset objects reloaded before import = 0
Number of asset objects unloaded after import = 18
